%MSG-i configureMessageFacility:  RunControlStateMachine  03-Jul-2018 13:05:06 CDT pre-events configureMessageFacility.cc:300
Message Facility Application RunControlStateMachine configured with: debugModules:["*"] destinations:{file:{append:false directory:"/home/otsdaq/otsdaq-mrb-base/srcs/otsdaq_demo/NoGitData/Logs/RunControlStateMachine" pattern:"RunControlStateMachine-%?H%t-%p.log" seperator:"-" threshold:"DEBUG" timestamp_pattern:"%Y%m%d%H%M%S" type:"GenFile"} udp:{host:"127.0.0.1" port:30000 threshold:"DEBUG" type:"UDP"}}
%MSG
%MSG-i configureMessageFacility:  CorePropertySupervisorBase  03-Jul-2018 13:05:06 CDT pre-events configureMessageFacility.cc:300
Message Facility Application CorePropertySupervisorBase configured with: debugModules:["*"] destinations:{file:{append:false directory:"/home/otsdaq/otsdaq-mrb-base/srcs/otsdaq_demo/NoGitData/Logs/CorePropertySupervisorBase" pattern:"CorePropertySupervisorBase-%?H%t-%p.log" seperator:"-" threshold:"DEBUG" timestamp_pattern:"%Y%m%d%H%M%S" type:"GenFile"} udp:{host:"127.0.0.1" port:30000 threshold:"DEBUG" type:"UDP"}}
%MSG
%MSG-i WebUsers:  CorePropertySupervisorBase-otsdaq-0 03-Jul-2018 13:05:06 CDT  pre-events
otsdaq/otsdaq-core/WebUsersUtilities/WebUsers.cc [2803]	User 'admin' has locked out the system!
%MSG
%MSG-d Iterator:  CorePropertySupervisorBase-otsdaq-0 03-Jul-2018 13:05:06 CDT  pre-events
otsdaq/otsdaq-core/GatewaySupervisor/Iterator.cc [28]	Iterator constructed.
%MSG
%MSG-i configureMessageFacility:  GatewaySupervisor 03-Jul-2018 13:05:06 CDT  pre-events configureMessageFacility.cc:300
Message Facility Application GatewaySupervisor configured with: debugModules:["*"] destinations:{file:{append:false directory:"/home/otsdaq/otsdaq-mrb-base/srcs/otsdaq_demo/NoGitData/Logs/GatewaySupervisor" pattern:"GatewaySupervisor-%?H%t-%p.log" seperator:"-" threshold:"DEBUG" timestamp_pattern:"%Y%m%d%H%M%S" type:"GenFile"} udp:{host:"127.0.0.1" port:30000 threshold:"DEBUG" type:"UDP"}}
%MSG
%MSG-i configureMessageFacility:  CorePropertySupervisorBase  03-Jul-2018 13:05:06 CDT pre-events configureMessageFacility.cc:300
Message Facility Application CorePropertySupervisorBase configured with: debugModules:["*"] destinations:{file:{append:false directory:"/home/otsdaq/otsdaq-mrb-base/srcs/otsdaq_demo/NoGitData/Logs/CorePropertySupervisorBase" pattern:"CorePropertySupervisorBase-%?H%t-%p.log" seperator:"-" threshold:"DEBUG" timestamp_pattern:"%Y%m%d%H%M%S" type:"GenFile"} udp:{host:"127.0.0.1" port:30000 threshold:"DEBUG" type:"UDP"}}
%MSG
%MSG-i configureMessageFacility:  RunControlStateMachine  03-Jul-2018 13:05:06 CDT pre-events configureMessageFacility.cc:300
Message Facility Application RunControlStateMachine configured with: debugModules:["*"] destinations:{file:{append:false directory:"/home/otsdaq/otsdaq-mrb-base/srcs/otsdaq_demo/NoGitData/Logs/RunControlStateMachine" pattern:"RunControlStateMachine-%?H%t-%p.log" seperator:"-" threshold:"DEBUG" timestamp_pattern:"%Y%m%d%H%M%S" type:"GenFile"} udp:{host:"127.0.0.1" port:30000 threshold:"DEBUG" type:"UDP"}}
%MSG
%MSG-i configureMessageFacility:  CoreSupervisorBase 03-Jul-2018 13:05:06 CDT  pre-events configureMessageFacility.cc:300
Message Facility Application CoreSupervisorBase configured with: debugModules:["*"] destinations:{file:{append:false directory:"/home/otsdaq/otsdaq-mrb-base/srcs/otsdaq_demo/NoGitData/Logs/CoreSupervisorBase" pattern:"CoreSupervisorBase-%?H%t-%p.log" seperator:"-" threshold:"DEBUG" timestamp_pattern:"%Y%m%d%H%M%S" type:"GenFile"} udp:{host:"127.0.0.1" port:30000 threshold:"DEBUG" type:"UDP"}}
%MSG
%MSG-i configureMessageFacility:  CorePropertySupervisorBase  03-Jul-2018 13:05:06 CDT pre-events configureMessageFacility.cc:300
Message Facility Application CorePropertySupervisorBase configured with: debugModules:["*"] destinations:{file:{append:false directory:"/home/otsdaq/otsdaq-mrb-base/srcs/otsdaq_demo/NoGitData/Logs/CorePropertySupervisorBase" pattern:"CorePropertySupervisorBase-%?H%t-%p.log" seperator:"-" threshold:"DEBUG" timestamp_pattern:"%Y%m%d%H%M%S" type:"GenFile"} udp:{host:"127.0.0.1" port:30000 threshold:"DEBUG" type:"UDP"}}
%MSG
%MSG-i configureMessageFacility:  RunControlStateMachine  03-Jul-2018 13:05:06 CDT pre-events configureMessageFacility.cc:300
Message Facility Application RunControlStateMachine configured with: debugModules:["*"] destinations:{file:{append:false directory:"/home/otsdaq/otsdaq-mrb-base/srcs/otsdaq_demo/NoGitData/Logs/RunControlStateMachine" pattern:"RunControlStateMachine-%?H%t-%p.log" seperator:"-" threshold:"DEBUG" timestamp_pattern:"%Y%m%d%H%M%S" type:"GenFile"} udp:{host:"127.0.0.1" port:30000 threshold:"DEBUG" type:"UDP"}}
%MSG
%MSG-i configureMessageFacility:  CoreSupervisorBase 03-Jul-2018 13:05:06 CDT  pre-events configureMessageFacility.cc:300
Message Facility Application CoreSupervisorBase configured with: debugModules:["*"] destinations:{file:{append:false directory:"/home/otsdaq/otsdaq-mrb-base/srcs/otsdaq_demo/NoGitData/Logs/CoreSupervisorBase" pattern:"CoreSupervisorBase-%?H%t-%p.log" seperator:"-" threshold:"DEBUG" timestamp_pattern:"%Y%m%d%H%M%S" type:"GenFile"} udp:{host:"127.0.0.1" port:30000 threshold:"DEBUG" type:"UDP"}}
%MSG
%MSG-i configureMessageFacility:  ChatSupervisor 03-Jul-2018 13:05:06 CDT  pre-events configureMessageFacility.cc:300
[RATE LIMIT] Message Facility Application ChatSupervisor configured with: debugModules:["*"] destinations:{file:{append:false directory:"/home/otsdaq/otsdaq-mrb-base/srcs/otsdaq_demo/NoGitData/Logs/ChatSupervisor" pattern:"ChatSupervisor-%?H%t-%p.log" seperator:"-" threshold:"DEBUG" timestamp_pattern:"%Y%m%d%H%M%S" type:"GenFile"} udp:{host:"127.0.0.1" port:30000 threshold:"DEBUG" type:"UDP"}}
%MSG
%MSG-d Console:  Early 03-Jul-2018 13:05:06 CDT pre-events
otsdaq_utilities/otsdaq-utilities/Console/ConsoleSupervisor.cc [157]	DEBUG messages look like this.
%MSG
%MSG-i Console:  Early 03-Jul-2018 13:05:06 CDT pre-events
otsdaq_utilities/otsdaq-utilities/Console/ConsoleSupervisor.cc [158]	INFO messages look like this.
%MSG
%MSG-w Console:  Early 03-Jul-2018 13:05:06 CDT pre-events
otsdaq_utilities/otsdaq-utilities/Console/ConsoleSupervisor.cc [159]	WARNING messages look like this.
%MSG
%MSG-e Console:  Early 03-Jul-2018 13:05:06 CDT pre-events
otsdaq_utilities/otsdaq-utilities/Console/ConsoleSupervisor.cc [160]	ERROR messages look like this.
%MSG
%MSG-d GatewaySupervisor:  Early 03-Jul-2018 13:06:26 CDT pre-events
otsdaq/otsdaq-core/GatewaySupervisor/GatewaySupervisor.cc [463]	Making logbook entry: ots started.
%MSG
%MSG-d GatewaySupervisor:  Early 03-Jul-2018 13:06:26 CDT pre-events
otsdaq/otsdaq-core/GatewaySupervisor/GatewaySupervisor.cc [463]	Making logbook entry: admin logged in.
%MSG
%MSG-e ots:  Early 03-Jul-2018 13:06:29 CDT pre-events
otsdaq/otsdaq-core/CoreSupervisors/CoreSupervisorBase.cc [140]	'getGroupAliases' ERROR encountered: :CfgGUI-ConfigurationGUISupervisor:otsdaq_utilities/otsdaq-utilities/ConfigurationGUI/ConfigurationGUISupervisor.cc [398] Error loading active groups!  :ConfigurationManager:otsdaq/otsdaq-core/ConfigurationInterface/ConfigurationManager.cc [167] Failed to load config group in ConfigurationManager::init() with name &apos;defaultConfig_v1&apos; :ConfigurationView-FENIM_PLUS_INTERFACE_CONFIGURATION:FENIM_PLUS_INTERFACE_CONFIGURATION:v1:otsdaq/otsdaq-core/ConfigurationDataFormats/ConfigurationView.cc [336] Configuration Error: &apos;0&apos; in column OutputMuxSelectChannelA is not a valid Fixed Choice option. Possible values are as follows: arbitraryBool=0, Trigger Output CH-0, NIM Input CH-A Raw (Invertible), NIM Input CH-B Raw (Invertible), NIM Input CH-C Raw (Invertible), NIM Input CH-D Raw (Invertible), NIM Input CH-A Modified, NIM Input CH-B Modified, NIM Input CH-C Modified, NIM Input CH-D Modified, Logic Output, Ground, Trigger Output CH-1, Trigger Output CH-2, Veto Out n1, Veto Out n2, Backpressure Out, Backpressure A, Backpressure B, Out Event Counter, In Event Counter 1, In Event Counter 2, Burst Out Write Enable, System Clock after DCM @ 40MHz, Sync w/40MHz Logic Mask, Signal Generator Output, Output CH-B, Output CH-C, Output CH-D, System Clock after DCM @ 26.5MHz, System Clock after DCM @ 53MHz, External Clock raw @ 53MHz, Veto Out n0.
%MSG
%MSG-d Console:  Early 03-Jul-2018 13:37:08 CDT pre-events
Console is alive and waiting... (if no messages, next heartbeat is in approximately two minutes)
%MSG
%MSG-i ConfigurationManagerRW:  Early 03-Jul-2018 13:37:40 CDT pre-events
otsdaq/otsdaq-core/ConfigurationInterface/ConfigurationManagerRW.cc [367]	Updating persistent active groups to /home/otsdaq/otsdaq-mrb-base/srcs/otsdaq_demo/NoGitData/ServiceData/ActiveConfigurationGroups.cfg ...
%MSG
%MSG-i ConfigurationManagerRW:  Early 03-Jul-2018 13:37:40 CDT pre-events
otsdaq/otsdaq-core/ConfigurationInterface/ConfigurationManagerRW.cc [390]	Active Context: testContext(2)
%MSG
%MSG-i ConfigurationManagerRW:  Early 03-Jul-2018 13:37:40 CDT pre-events
otsdaq/otsdaq-core/ConfigurationInterface/ConfigurationManagerRW.cc [392]	Active Backbone: GroupAliasTreeEditWizBackbone(3)
%MSG
%MSG-i ConfigurationManagerRW:  Early 03-Jul-2018 13:37:40 CDT pre-events
otsdaq/otsdaq-core/ConfigurationInterface/ConfigurationManagerRW.cc [394]	Active Iterate: (-1)
%MSG
%MSG-i ConfigurationManagerRW:  Early 03-Jul-2018 13:37:40 CDT pre-events
otsdaq/otsdaq-core/ConfigurationInterface/ConfigurationManagerRW.cc [396]	Active Configuration: defaultConfig(113)
%MSG
%MSG-i ConfigurationManagerRW:  Early 03-Jul-2018 13:37:40 CDT pre-events
otsdaq/otsdaq-core/ConfigurationInterface/ConfigurationManagerRW.cc [367]	Updating persistent active groups to /home/otsdaq/otsdaq-mrb-base/srcs/otsdaq_demo/NoGitData/ServiceData/ActiveConfigurationGroups.cfg ...
%MSG
%MSG-i ConfigurationManagerRW:  Early 03-Jul-2018 13:37:40 CDT pre-events
otsdaq/otsdaq-core/ConfigurationInterface/ConfigurationManagerRW.cc [390]	Active Context: testContext(2)
%MSG
%MSG-i ConfigurationManagerRW:  Early 03-Jul-2018 13:37:40 CDT pre-events
otsdaq/otsdaq-core/ConfigurationInterface/ConfigurationManagerRW.cc [392]	Active Backbone: TableEditWizBackbone(0)
%MSG
%MSG-i ConfigurationManagerRW:  Early 03-Jul-2018 13:37:40 CDT pre-events
otsdaq/otsdaq-core/ConfigurationInterface/ConfigurationManagerRW.cc [394]	Active Iterate: (-1)
%MSG
%MSG-i ConfigurationManagerRW:  Early 03-Jul-2018 13:37:40 CDT pre-events
otsdaq/otsdaq-core/ConfigurationInterface/ConfigurationManagerRW.cc [396]	Active Configuration: defaultConfig(113)
%MSG
%MSG-i ConfigurationManagerRW:  Early 03-Jul-2018 13:38:20 CDT pre-events
otsdaq/otsdaq-core/ConfigurationInterface/ConfigurationManagerRW.cc [367]	Updating persistent active groups to /home/otsdaq/otsdaq-mrb-base/srcs/otsdaq_demo/NoGitData/ServiceData/ActiveConfigurationGroups.cfg ...
%MSG
%MSG-i ConfigurationManagerRW:  Early 03-Jul-2018 13:38:20 CDT pre-events
otsdaq/otsdaq-core/ConfigurationInterface/ConfigurationManagerRW.cc [390]	Active Context: testContext(2)
%MSG
%MSG-i ConfigurationManagerRW:  Early 03-Jul-2018 13:38:20 CDT pre-events
otsdaq/otsdaq-core/ConfigurationInterface/ConfigurationManagerRW.cc [392]	Active Backbone: TableEditWizBackbone(0)
%MSG
%MSG-i ConfigurationManagerRW:  Early 03-Jul-2018 13:38:20 CDT pre-events
otsdaq/otsdaq-core/ConfigurationInterface/ConfigurationManagerRW.cc [394]	Active Iterate: (-1)
%MSG
%MSG-i ConfigurationManagerRW:  Early 03-Jul-2018 13:38:20 CDT pre-events
otsdaq/otsdaq-core/ConfigurationInterface/ConfigurationManagerRW.cc [396]	Active Configuration: defaultConfig(114)
%MSG
%MSG-i ConfigurationManagerRW:  Early 03-Jul-2018 13:38:20 CDT pre-events
otsdaq/otsdaq-core/ConfigurationInterface/ConfigurationManagerRW.cc [367]	Updating persistent active groups to /home/otsdaq/otsdaq-mrb-base/srcs/otsdaq_demo/NoGitData/ServiceData/ActiveConfigurationGroups.cfg ...
%MSG
%MSG-i ConfigurationManagerRW:  Early 03-Jul-2018 13:38:20 CDT pre-events
otsdaq/otsdaq-core/ConfigurationInterface/ConfigurationManagerRW.cc [390]	Active Context: testContext(2)
%MSG
%MSG-i ConfigurationManagerRW:  Early 03-Jul-2018 13:38:20 CDT pre-events
otsdaq/otsdaq-core/ConfigurationInterface/ConfigurationManagerRW.cc [392]	Active Backbone: GroupAliasSaveWizBackbone(0)
%MSG
%MSG-i ConfigurationManagerRW:  Early 03-Jul-2018 13:38:20 CDT pre-events
otsdaq/otsdaq-core/ConfigurationInterface/ConfigurationManagerRW.cc [394]	Active Iterate: (-1)
%MSG
%MSG-i ConfigurationManagerRW:  Early 03-Jul-2018 13:38:20 CDT pre-events
otsdaq/otsdaq-core/ConfigurationInterface/ConfigurationManagerRW.cc [396]	Active Configuration: defaultConfig(114)
%MSG
%MSG-i ConfigurationManagerRW:  Early 03-Jul-2018 13:38:20 CDT pre-events
otsdaq/otsdaq-core/ConfigurationInterface/ConfigurationManagerRW.cc [367]	Updating persistent active groups to /home/otsdaq/otsdaq-mrb-base/srcs/otsdaq_demo/NoGitData/ServiceData/ActiveConfigurationGroups.cfg ...
%MSG
%MSG-i ConfigurationManagerRW:  Early 03-Jul-2018 13:38:20 CDT pre-events
otsdaq/otsdaq-core/ConfigurationInterface/ConfigurationManagerRW.cc [390]	Active Context: testContext(2)
%MSG
%MSG-i ConfigurationManagerRW:  Early 03-Jul-2018 13:38:20 CDT pre-events
otsdaq/otsdaq-core/ConfigurationInterface/ConfigurationManagerRW.cc [392]	Active Backbone: GroupAliasSaveWizBackbone(0)
%MSG
%MSG-i ConfigurationManagerRW:  Early 03-Jul-2018 13:38:20 CDT pre-events
otsdaq/otsdaq-core/ConfigurationInterface/ConfigurationManagerRW.cc [394]	Active Iterate: (-1)
%MSG
%MSG-i ConfigurationManagerRW:  Early 03-Jul-2018 13:38:20 CDT pre-events
otsdaq/otsdaq-core/ConfigurationInterface/ConfigurationManagerRW.cc [396]	Active Configuration: (-1)
%MSG
%MSG-e ots:  Early 03-Jul-2018 13:38:20 CDT pre-events
otsdaq/otsdaq-core/CoreSupervisors/CoreSupervisorBase.cc [140]	'activateConfigGroup' ERROR encountered: Warnings were found when activating group &apos;defaultConfig(114)&apos;! Please see details below:    At node &apos;FESupervisorConfiguration&apos; with entry UID &apos;FESupervisor0&apos; there is a disconnected child node at link column &apos;LinkToFEInterfaceConfiguration&apos; that points to table named &apos;FEInterfaceConfiguration&apos; ... Note: It may be safe to ignore this error since the link&apos;s target table FEInterfaceConfiguration is not a member of this group (and may not be loaded yet).
%MSG
%MSG-e ots:  Early 03-Jul-2018 13:39:04 CDT pre-events
otsdaq/otsdaq-core/CoreSupervisors/CoreSupervisorBase.cc [140]	'getTreeNodeCommonFields' ERROR encountered: :CfgGUI-ConfigurationGUISupervisor:otsdaq_utilities/otsdaq-utilities/ConfigurationGUI/ConfigurationGUISupervisor.cc [2103] Error getting common fields!  :ConfigurationBase:otsdaq/otsdaq-core/ConfigurationDataFormats/ConfigurationBase.cc [439] FENIMPlusInterfaceConfiguration: activeConfigurationView_ pointer is null! (...likely the active view was not setup properly. Check your system setup.)
%MSG
%MSG-i ConfigurationManagerRW:  Early 03-Jul-2018 13:39:14 CDT pre-events
otsdaq/otsdaq-core/ConfigurationInterface/ConfigurationManagerRW.cc [367]	Updating persistent active groups to /home/otsdaq/otsdaq-mrb-base/srcs/otsdaq_demo/NoGitData/ServiceData/ActiveConfigurationGroups.cfg ...
%MSG
%MSG-i ConfigurationManagerRW:  Early 03-Jul-2018 13:39:14 CDT pre-events
otsdaq/otsdaq-core/ConfigurationInterface/ConfigurationManagerRW.cc [390]	Active Context: testContext(2)
%MSG
%MSG-i ConfigurationManagerRW:  Early 03-Jul-2018 13:39:14 CDT pre-events
otsdaq/otsdaq-core/ConfigurationInterface/ConfigurationManagerRW.cc [392]	Active Backbone: GroupAliasSaveWizBackbone(0)
%MSG
%MSG-i ConfigurationManagerRW:  Early 03-Jul-2018 13:39:14 CDT pre-events
otsdaq/otsdaq-core/ConfigurationInterface/ConfigurationManagerRW.cc [394]	Active Iterate: (-1)
%MSG
%MSG-i ConfigurationManagerRW:  Early 03-Jul-2018 13:39:14 CDT pre-events
otsdaq/otsdaq-core/ConfigurationInterface/ConfigurationManagerRW.cc [396]	Active Configuration: (-1)
%MSG
%MSG-e ots:  Early 03-Jul-2018 13:39:14 CDT pre-events
otsdaq/otsdaq-core/CoreSupervisors/CoreSupervisorBase.cc [140]	'activateConfigGroup' ERROR encountered: Warnings were found when activating group &apos;defaultConfig(113)&apos;! Please see details below:    At node &apos;FESupervisorConfiguration&apos; with entry UID &apos;FESupervisor0&apos; there is a disconnected child node at link column &apos;LinkToFEInterfaceConfiguration&apos; that points to table named &apos;FEInterfaceConfiguration&apos; ... Note: It may be safe to ignore this error since the link&apos;s target table FEInterfaceConfiguration is not a member of this group (and may not be loaded yet).
%MSG
%MSG-i ConfigurationManagerRW:  Early 03-Jul-2018 13:39:49 CDT pre-events
otsdaq/otsdaq-core/ConfigurationInterface/ConfigurationManagerRW.cc [367]	Updating persistent active groups to /home/otsdaq/otsdaq-mrb-base/srcs/otsdaq_demo/NoGitData/ServiceData/ActiveConfigurationGroups.cfg ...
%MSG
%MSG-i ConfigurationManagerRW:  Early 03-Jul-2018 13:39:49 CDT pre-events
otsdaq/otsdaq-core/ConfigurationInterface/ConfigurationManagerRW.cc [390]	Active Context: testContext(2)
%MSG
%MSG-i ConfigurationManagerRW:  Early 03-Jul-2018 13:39:49 CDT pre-events
otsdaq/otsdaq-core/ConfigurationInterface/ConfigurationManagerRW.cc [392]	Active Backbone: GroupAliasSaveWizBackbone(0)
%MSG
%MSG-i ConfigurationManagerRW:  Early 03-Jul-2018 13:39:49 CDT pre-events
otsdaq/otsdaq-core/ConfigurationInterface/ConfigurationManagerRW.cc [394]	Active Iterate: (-1)
%MSG
%MSG-i ConfigurationManagerRW:  Early 03-Jul-2018 13:39:49 CDT pre-events
otsdaq/otsdaq-core/ConfigurationInterface/ConfigurationManagerRW.cc [396]	Active Configuration: defaultConfig(113)
%MSG
%MSG-i ConfigurationManagerRW:  Early 03-Jul-2018 13:39:58 CDT pre-events
otsdaq/otsdaq-core/ConfigurationInterface/ConfigurationManagerRW.cc [367]	Updating persistent active groups to /home/otsdaq/otsdaq-mrb-base/srcs/otsdaq_demo/NoGitData/ServiceData/ActiveConfigurationGroups.cfg ...
%MSG
%MSG-i ConfigurationManagerRW:  Early 03-Jul-2018 13:39:58 CDT pre-events
otsdaq/otsdaq-core/ConfigurationInterface/ConfigurationManagerRW.cc [390]	Active Context: testContext(2)
%MSG
%MSG-i ConfigurationManagerRW:  Early 03-Jul-2018 13:39:58 CDT pre-events
otsdaq/otsdaq-core/ConfigurationInterface/ConfigurationManagerRW.cc [392]	Active Backbone: GroupAliasSaveWizBackbone(0)
%MSG
%MSG-i ConfigurationManagerRW:  Early 03-Jul-2018 13:39:58 CDT pre-events
otsdaq/otsdaq-core/ConfigurationInterface/ConfigurationManagerRW.cc [394]	Active Iterate: (-1)
%MSG
%MSG-i ConfigurationManagerRW:  Early 03-Jul-2018 13:39:58 CDT pre-events
otsdaq/otsdaq-core/ConfigurationInterface/ConfigurationManagerRW.cc [396]	Active Configuration: (-1)
%MSG
%MSG-e ots:  Early 03-Jul-2018 13:39:58 CDT pre-events
otsdaq/otsdaq-core/CoreSupervisors/CoreSupervisorBase.cc [140]	'activateConfigGroup' ERROR encountered: Warnings were found when activating group &apos;defaultConfig(114)&apos;! Please see details below:    At node &apos;FESupervisorConfiguration&apos; with entry UID &apos;FESupervisor0&apos; there is a disconnected child node at link column &apos;LinkToFEInterfaceConfiguration&apos; that points to table named &apos;FEInterfaceConfiguration&apos; ... Note: It may be safe to ignore this error since the link&apos;s target table FEInterfaceConfiguration is not a member of this group (and may not be loaded yet).
%MSG
%MSG-e ots:  Early 03-Jul-2018 13:41:20 CDT pre-events
otsdaq/otsdaq-core/CoreSupervisors/CoreSupervisorBase.cc [140]	'saveSpecificConfiguration' ERROR encountered: Error saving new view!  :CfgGUI-ConfigurationGUISupervisor:otsdaq_utilities/otsdaq-utilities/ConfigurationGUI/ConfigurationGUISupervisor.cc [4405] No rows were modified! No reason to fill a view with same content.
%MSG
%MSG-i ConfigurationManagerRW:  Early 03-Jul-2018 13:42:43 CDT pre-events
otsdaq/otsdaq-core/ConfigurationInterface/ConfigurationManagerRW.cc [367]	Updating persistent active groups to /home/otsdaq/otsdaq-mrb-base/srcs/otsdaq_demo/NoGitData/ServiceData/ActiveConfigurationGroups.cfg ...
%MSG
%MSG-i ConfigurationManagerRW:  Early 03-Jul-2018 13:42:43 CDT pre-events
otsdaq/otsdaq-core/ConfigurationInterface/ConfigurationManagerRW.cc [390]	Active Context: testContext(2)
%MSG
%MSG-i ConfigurationManagerRW:  Early 03-Jul-2018 13:42:43 CDT pre-events
otsdaq/otsdaq-core/ConfigurationInterface/ConfigurationManagerRW.cc [392]	Active Backbone: GroupAliasSaveWizBackbone(0)
%MSG
%MSG-i ConfigurationManagerRW:  Early 03-Jul-2018 13:42:43 CDT pre-events
otsdaq/otsdaq-core/ConfigurationInterface/ConfigurationManagerRW.cc [394]	Active Iterate: (-1)
%MSG
%MSG-i ConfigurationManagerRW:  Early 03-Jul-2018 13:42:43 CDT pre-events
otsdaq/otsdaq-core/ConfigurationInterface/ConfigurationManagerRW.cc [396]	Active Configuration: defaultConfig(114)
%MSG
%MSG-e ots:  Early 03-Jul-2018 13:44:43 CDT pre-events
otsdaq/otsdaq-core/CoreSupervisors/CoreSupervisorBase.cc [140]	'saveTreeNodeEdit' ERROR encountered: :CfgGUI-ConfigurationGUISupervisor:otsdaq_utilities/otsdaq-utilities/ConfigurationGUI/ConfigurationGUISupervisor.cc [3658] Error saving tree node! :CfgGUI-ConfigurationGUISupervisor:otsdaq_utilities/otsdaq-utilities/ConfigurationGUI/ConfigurationGUISupervisor.cc [3507] Target table version (Mock-up) is not the currently active version (1. Try refreshing the tree.
%MSG
%MSG-d Console:  Early 03-Jul-2018 13:44:43 CDT pre-events
Console is alive and waiting... (if no messages, next heartbeat is in approximately two minutes)
%MSG
%MSG-i ConfigurationManagerRW:  Early 03-Jul-2018 13:45:18 CDT pre-events
otsdaq/otsdaq-core/ConfigurationInterface/ConfigurationManagerRW.cc [367]	Updating persistent active groups to /home/otsdaq/otsdaq-mrb-base/srcs/otsdaq_demo/NoGitData/ServiceData/ActiveConfigurationGroups.cfg ...
%MSG
%MSG-i ConfigurationManagerRW:  Early 03-Jul-2018 13:45:18 CDT pre-events
otsdaq/otsdaq-core/ConfigurationInterface/ConfigurationManagerRW.cc [390]	Active Context: testContext(2)
%MSG
%MSG-i ConfigurationManagerRW:  Early 03-Jul-2018 13:45:18 CDT pre-events
otsdaq/otsdaq-core/ConfigurationInterface/ConfigurationManagerRW.cc [392]	Active Backbone: GroupAliasSaveWizBackbone(0)
%MSG
%MSG-i ConfigurationManagerRW:  Early 03-Jul-2018 13:45:18 CDT pre-events
otsdaq/otsdaq-core/ConfigurationInterface/ConfigurationManagerRW.cc [394]	Active Iterate: (-1)
%MSG
%MSG-i ConfigurationManagerRW:  Early 03-Jul-2018 13:45:18 CDT pre-events
otsdaq/otsdaq-core/ConfigurationInterface/ConfigurationManagerRW.cc [396]	Active Configuration: (-1)
%MSG
%MSG-e ots:  Early 03-Jul-2018 13:45:18 CDT pre-events
otsdaq/otsdaq-core/CoreSupervisors/CoreSupervisorBase.cc [140]	'activateConfigGroup' ERROR encountered: Warnings were found when activating group &apos;defaultConfig(115)&apos;! Please see details below:    At node &apos;FESupervisorConfiguration&apos; with entry UID &apos;FESupervisor0&apos; there is a disconnected child node at link column &apos;LinkToFEInterfaceConfiguration&apos; that points to table named &apos;FEInterfaceConfiguration&apos; ... Note: It may be safe to ignore this error since the link&apos;s target table FEInterfaceConfiguration is not a member of this group (and may not be loaded yet).
%MSG
%MSG-i ConfigurationManagerRW:  Early 03-Jul-2018 13:45:19 CDT pre-events
otsdaq/otsdaq-core/ConfigurationInterface/ConfigurationManagerRW.cc [367]	Updating persistent active groups to /home/otsdaq/otsdaq-mrb-base/srcs/otsdaq_demo/NoGitData/ServiceData/ActiveConfigurationGroups.cfg ...
%MSG
%MSG-i ConfigurationManagerRW:  Early 03-Jul-2018 13:45:19 CDT pre-events
otsdaq/otsdaq-core/ConfigurationInterface/ConfigurationManagerRW.cc [390]	Active Context: testContext(2)
%MSG
%MSG-i ConfigurationManagerRW:  Early 03-Jul-2018 13:45:19 CDT pre-events
otsdaq/otsdaq-core/ConfigurationInterface/ConfigurationManagerRW.cc [392]	Active Backbone: TableEditWizBackbone(1)
%MSG
%MSG-i ConfigurationManagerRW:  Early 03-Jul-2018 13:45:19 CDT pre-events
otsdaq/otsdaq-core/ConfigurationInterface/ConfigurationManagerRW.cc [394]	Active Iterate: (-1)
%MSG
%MSG-i ConfigurationManagerRW:  Early 03-Jul-2018 13:45:19 CDT pre-events
otsdaq/otsdaq-core/ConfigurationInterface/ConfigurationManagerRW.cc [396]	Active Configuration: (-1)
%MSG
%MSG-i ConfigurationManagerRW:  Early 03-Jul-2018 13:45:27 CDT pre-events
otsdaq/otsdaq-core/ConfigurationInterface/ConfigurationManagerRW.cc [367]	Updating persistent active groups to /home/otsdaq/otsdaq-mrb-base/srcs/otsdaq_demo/NoGitData/ServiceData/ActiveConfigurationGroups.cfg ...
%MSG
%MSG-i ConfigurationManagerRW:  Early 03-Jul-2018 13:45:27 CDT pre-events
otsdaq/otsdaq-core/ConfigurationInterface/ConfigurationManagerRW.cc [390]	Active Context: testContext(2)
%MSG
%MSG-i ConfigurationManagerRW:  Early 03-Jul-2018 13:45:27 CDT pre-events
otsdaq/otsdaq-core/ConfigurationInterface/ConfigurationManagerRW.cc [392]	Active Backbone: TableEditWizBackbone(1)
%MSG
%MSG-i ConfigurationManagerRW:  Early 03-Jul-2018 13:45:27 CDT pre-events
otsdaq/otsdaq-core/ConfigurationInterface/ConfigurationManagerRW.cc [394]	Active Iterate: (-1)
%MSG
%MSG-i ConfigurationManagerRW:  Early 03-Jul-2018 13:45:27 CDT pre-events
otsdaq/otsdaq-core/ConfigurationInterface/ConfigurationManagerRW.cc [396]	Active Configuration: (-1)
%MSG
%MSG-e ots:  Early 03-Jul-2018 13:45:27 CDT pre-events
otsdaq/otsdaq-core/CoreSupervisors/CoreSupervisorBase.cc [140]	'activateConfigGroup' ERROR encountered: Warnings were found when activating group &apos;defaultConfig(115)&apos;! Please see details below:    At node &apos;FESupervisorConfiguration&apos; with entry UID &apos;FESupervisor0&apos; there is a disconnected child node at link column &apos;LinkToFEInterfaceConfiguration&apos; that points to table named &apos;FEInterfaceConfiguration&apos; ... Note: It may be safe to ignore this error since the link&apos;s target table FEInterfaceConfiguration is not a member of this group (and may not be loaded yet).
%MSG
%MSG-i ConfigurationManagerRW:  Early 03-Jul-2018 13:45:58 CDT pre-events
otsdaq/otsdaq-core/ConfigurationInterface/ConfigurationManagerRW.cc [367]	Updating persistent active groups to /home/otsdaq/otsdaq-mrb-base/srcs/otsdaq_demo/NoGitData/ServiceData/ActiveConfigurationGroups.cfg ...
%MSG
%MSG-i ConfigurationManagerRW:  Early 03-Jul-2018 13:45:58 CDT pre-events
otsdaq/otsdaq-core/ConfigurationInterface/ConfigurationManagerRW.cc [390]	Active Context: testContext(2)
%MSG
%MSG-i ConfigurationManagerRW:  Early 03-Jul-2018 13:45:58 CDT pre-events
otsdaq/otsdaq-core/ConfigurationInterface/ConfigurationManagerRW.cc [392]	Active Backbone: TableEditWizBackbone(2)
%MSG
%MSG-i ConfigurationManagerRW:  Early 03-Jul-2018 13:45:58 CDT pre-events
otsdaq/otsdaq-core/ConfigurationInterface/ConfigurationManagerRW.cc [394]	Active Iterate: (-1)
%MSG
%MSG-i ConfigurationManagerRW:  Early 03-Jul-2018 13:45:58 CDT pre-events
otsdaq/otsdaq-core/ConfigurationInterface/ConfigurationManagerRW.cc [396]	Active Configuration: (-1)
%MSG
%MSG-i ConfigurationManagerRW:  Early 03-Jul-2018 13:46:15 CDT pre-events
otsdaq/otsdaq-core/ConfigurationInterface/ConfigurationManagerRW.cc [367]	Updating persistent active groups to /home/otsdaq/otsdaq-mrb-base/srcs/otsdaq_demo/NoGitData/ServiceData/ActiveConfigurationGroups.cfg ...
%MSG
%MSG-i ConfigurationManagerRW:  Early 03-Jul-2018 13:46:15 CDT pre-events
otsdaq/otsdaq-core/ConfigurationInterface/ConfigurationManagerRW.cc [390]	Active Context: testContext(2)
%MSG
%MSG-i ConfigurationManagerRW:  Early 03-Jul-2018 13:46:15 CDT pre-events
otsdaq/otsdaq-core/ConfigurationInterface/ConfigurationManagerRW.cc [392]	Active Backbone: TableEditWizBackbone(2)
%MSG
%MSG-i ConfigurationManagerRW:  Early 03-Jul-2018 13:46:15 CDT pre-events
otsdaq/otsdaq-core/ConfigurationInterface/ConfigurationManagerRW.cc [394]	Active Iterate: (-1)
%MSG
%MSG-i ConfigurationManagerRW:  Early 03-Jul-2018 13:46:15 CDT pre-events
otsdaq/otsdaq-core/ConfigurationInterface/ConfigurationManagerRW.cc [396]	Active Configuration: (-1)
%MSG
%MSG-e ots:  Early 03-Jul-2018 13:46:15 CDT pre-events
otsdaq/otsdaq-core/CoreSupervisors/CoreSupervisorBase.cc [140]	'activateConfigGroup' ERROR encountered: Warnings were found when activating group &apos;defaultConfig(116)&apos;! Please see details below:    At node &apos;FESupervisorConfiguration&apos; with entry UID &apos;FESupervisor0&apos; there is a disconnected child node at link column &apos;LinkToFEInterfaceConfiguration&apos; that points to table named &apos;FEInterfaceConfiguration&apos; ... Note: It may be safe to ignore this error since the link&apos;s target table FEInterfaceConfiguration is not a member of this group (and may not be loaded yet).
%MSG
%MSG-i ConfigurationManagerRW:  Early 03-Jul-2018 13:46:35 CDT pre-events
otsdaq/otsdaq-core/ConfigurationInterface/ConfigurationManagerRW.cc [367]	Updating persistent active groups to /home/otsdaq/otsdaq-mrb-base/srcs/otsdaq_demo/NoGitData/ServiceData/ActiveConfigurationGroups.cfg ...
%MSG
%MSG-i ConfigurationManagerRW:  Early 03-Jul-2018 13:46:35 CDT pre-events
otsdaq/otsdaq-core/ConfigurationInterface/ConfigurationManagerRW.cc [390]	Active Context: testContext(2)
%MSG
%MSG-i ConfigurationManagerRW:  Early 03-Jul-2018 13:46:35 CDT pre-events
otsdaq/otsdaq-core/ConfigurationInterface/ConfigurationManagerRW.cc [392]	Active Backbone: TableEditWizBackbone(2)
%MSG
%MSG-i ConfigurationManagerRW:  Early 03-Jul-2018 13:46:35 CDT pre-events
otsdaq/otsdaq-core/ConfigurationInterface/ConfigurationManagerRW.cc [394]	Active Iterate: (-1)
%MSG
%MSG-i ConfigurationManagerRW:  Early 03-Jul-2018 13:46:35 CDT pre-events
otsdaq/otsdaq-core/ConfigurationInterface/ConfigurationManagerRW.cc [396]	Active Configuration: defaultConfig(117)
%MSG
%MSG-i ConfigurationManagerRW:  Early 03-Jul-2018 13:46:36 CDT pre-events
otsdaq/otsdaq-core/ConfigurationInterface/ConfigurationManagerRW.cc [367]	Updating persistent active groups to /home/otsdaq/otsdaq-mrb-base/srcs/otsdaq_demo/NoGitData/ServiceData/ActiveConfigurationGroups.cfg ...
%MSG
%MSG-i ConfigurationManagerRW:  Early 03-Jul-2018 13:46:36 CDT pre-events
otsdaq/otsdaq-core/ConfigurationInterface/ConfigurationManagerRW.cc [390]	Active Context: testContext(2)
%MSG
%MSG-i ConfigurationManagerRW:  Early 03-Jul-2018 13:46:36 CDT pre-events
otsdaq/otsdaq-core/ConfigurationInterface/ConfigurationManagerRW.cc [392]	Active Backbone: TableEditWizBackbone(3)
%MSG
%MSG-i ConfigurationManagerRW:  Early 03-Jul-2018 13:46:36 CDT pre-events
otsdaq/otsdaq-core/ConfigurationInterface/ConfigurationManagerRW.cc [394]	Active Iterate: (-1)
%MSG
%MSG-i ConfigurationManagerRW:  Early 03-Jul-2018 13:46:36 CDT pre-events
otsdaq/otsdaq-core/ConfigurationInterface/ConfigurationManagerRW.cc [396]	Active Configuration: defaultConfig(117)
%MSG
%MSG-e ots:  Early 03-Jul-2018 13:48:31 CDT pre-events
otsdaq/otsdaq-core/CoreSupervisors/CoreSupervisorBase.cc [140]	'setAliasOfGroupMembers' ERROR encountered: Error saving new Version Alias view!  :ConfigurationView-VERSION_ALIASES_CONFIGURATION:VERSION_ALIASES_CONFIGURATION:v-2:otsdaq/otsdaq-core/ConfigurationDataFormats/ConfigurationView.cc [1164]  In view: VERSION_ALIASES_CONFIGURATION, Can&apos;t find column named &apos;VersionAliasId&apos; Existing columns:  VersionAliasUID  ConfigurationName  VersionAlias  Version  CommentDescription  Author  RecordInsertionTime
%MSG
%MSG-e ots:  Early 03-Jul-2018 13:48:46 CDT pre-events
otsdaq/otsdaq-core/CoreSupervisors/CoreSupervisorBase.cc [140]	'getSpecificConfigurationGroup' ERROR encountered: :CfgGUI-ConfigurationGUISupervisor:otsdaq_utilities/otsdaq-utilities/ConfigurationGUI/ConfigurationGUISupervisor.cc [3792] Configuration group &quot;defaultConfig(2)&quot; members can not be loaded!  :ConfigurationView-FENIM_PLUS_INTERFACE_CONFIGURATION:FENIM_PLUS_INTERFACE_CONFIGURATION:v1:otsdaq/otsdaq-core/ConfigurationDataFormats/ConfigurationView.cc [336] Configuration Error: &apos;0&apos; in column OutputMuxSelectChannelA is not a valid Fixed Choice option. Possible values are as follows: arbitraryBool=0, Trigger Output CH-0, NIM Input CH-A Raw (Invertible), NIM Input CH-B Raw (Invertible), NIM Input CH-C Raw (Invertible), NIM Input CH-D Raw (Invertible), NIM Input CH-A Modified, NIM Input CH-B Modified, NIM Input CH-C Modified, NIM Input CH-D Modified, Logic Output, Ground, Trigger Output CH-1, Trigger Output CH-2, Veto Out n1, Veto Out n2, Backpressure Out, Backpressure A, Backpressure B, Out Event Counter, In Event Counter 1, In Event Counter 2, Burst Out Write Enable, System Clock after DCM @ 40MHz, Sync w/40MHz Logic Mask, Signal Generator Output, Output CH-B, Output CH-C, Output CH-D, System Clock after DCM @ 26.5MHz, System Clock after DCM @ 53MHz, External Clock raw @ 53MHz, Veto Out n0.
%MSG
%MSG-w CfgGUI:  Early 03-Jul-2018 13:49:25 CDT pre-events
otsdaq_utilities/otsdaq-utilities/ConfigurationGUI/ConfigurationGUISupervisor.cc [228]	flattenToSystemAliases command received! 
%MSG
%MSG-e ots:  Early 03-Jul-2018 13:49:34 CDT pre-events
otsdaq/otsdaq-core/CoreSupervisors/CoreSupervisorBase.cc [140]	'getSpecificConfigurationGroup' ERROR encountered: :CfgGUI-ConfigurationGUISupervisor:otsdaq_utilities/otsdaq-utilities/ConfigurationGUI/ConfigurationGUISupervisor.cc [3792] Configuration group &quot;defaultConfig(117)&quot; members can not be loaded!  :ots:otsdaq/otsdaq-core/ConfigurationInterface/DatabaseConfigurationInterface.cc [285] DBI Exception:---- ConfigurationInterface::loadGlobalConfiguration BEGIN   Exception:---- ConfigurationInterface::loadGlobalConfiguration BEGIN     Process exitedNoneError: Dynamic exception type: artdaq::database::runtime_error     std::exception::what: ---- operation_confcomposition BEGIN       No search filters were found.     ---- operation_confcomposition END        ---- ConfigurationInterface::loadGlobalConfiguration END ---- ConfigurationInterface::loadGlobalConfiguration END
%MSG
%MSG-e ots:  Early 03-Jul-2018 13:50:08 CDT pre-events
otsdaq/otsdaq-core/CoreSupervisors/CoreSupervisorBase.cc [140]	'saveNewConfigurationGroup' ERROR encountered: :CfgGUI-ConfigurationGUISupervisor:otsdaq_utilities/otsdaq-utilities/ConfigurationGUI/ConfigurationGUISupervisor.cc [4791] Failed to create config group: defaultConfig. There were problems loading the chosen members:  :ots:otsdaq/otsdaq-core/ConfigurationInterface/DatabaseConfigurationInterface.cc [103]   DBI Error while filling &apos;FEInterfaceConfiguration&apos; version &apos;1&apos; - are you sure this version exists? Here is the error:  ---- ConfigurationInterface::loadVersion BEGIN   Process exitedNoneError: Dynamic exception type: artdaq::database::runtime_error   std::exception::what: ---- read_document BEGIN     Search returned 0 results.   ---- read_document END    ---- ConfigurationInterface::loadVersion END
%MSG
%MSG-d GatewaySupervisor:  Early 03-Jul-2018 13:50:16 CDT pre-events
otsdaq/otsdaq-core/GatewaySupervisor/GatewaySupervisor.cc [463]	Making logbook entry: admin logged in.
%MSG
%MSG-w CfgGUI:  Early 03-Jul-2018 13:50:26 CDT pre-events
otsdaq_utilities/otsdaq-utilities/ConfigurationGUI/ConfigurationGUISupervisor.cc [228]	flattenToSystemAliases command received! 
%MSG
%MSG-i ConfigurationManagerRW:  Early 03-Jul-2018 13:50:40 CDT pre-events
otsdaq/otsdaq-core/ConfigurationInterface/ConfigurationManagerRW.cc [367]	Updating persistent active groups to /home/otsdaq/otsdaq-mrb-base/srcs/otsdaq_demo/NoGitData/ServiceData/ActiveConfigurationGroups.cfg ...
%MSG
%MSG-i ConfigurationManagerRW:  Early 03-Jul-2018 13:50:40 CDT pre-events
otsdaq/otsdaq-core/ConfigurationInterface/ConfigurationManagerRW.cc [390]	Active Context: testContext(2)
%MSG
%MSG-i ConfigurationManagerRW:  Early 03-Jul-2018 13:50:40 CDT pre-events
otsdaq/otsdaq-core/ConfigurationInterface/ConfigurationManagerRW.cc [392]	Active Backbone: TableEditWizBackbone(3)
%MSG
%MSG-i ConfigurationManagerRW:  Early 03-Jul-2018 13:50:40 CDT pre-events
otsdaq/otsdaq-core/ConfigurationInterface/ConfigurationManagerRW.cc [394]	Active Iterate: (-1)
%MSG
%MSG-i ConfigurationManagerRW:  Early 03-Jul-2018 13:50:40 CDT pre-events
otsdaq/otsdaq-core/ConfigurationInterface/ConfigurationManagerRW.cc [396]	Active Configuration: (-1)
%MSG
%MSG-e ots:  Early 03-Jul-2018 13:50:40 CDT pre-events
otsdaq/otsdaq-core/CoreSupervisors/CoreSupervisorBase.cc [140]	'activateConfigGroup' ERROR encountered: Warnings were found when activating group &apos;defaultConfig(1)&apos;! Please see details below:    At node &apos;FESupervisorConfiguration&apos; with entry UID &apos;FESupervisor0&apos; there is a disconnected child node at link column &apos;LinkToFEInterfaceConfiguration&apos; that points to table named &apos;FEInterfaceConfiguration&apos; ... Note: It may be safe to ignore this error since the link&apos;s target table FEInterfaceConfiguration is not a member of this group (and may not be loaded yet).
%MSG
%MSG-i ConfigurationManagerRW:  Early 03-Jul-2018 13:50:57 CDT pre-events
otsdaq/otsdaq-core/ConfigurationInterface/ConfigurationManagerRW.cc [367]	Updating persistent active groups to /home/otsdaq/otsdaq-mrb-base/srcs/otsdaq_demo/NoGitData/ServiceData/ActiveConfigurationGroups.cfg ...
%MSG
%MSG-i ConfigurationManagerRW:  Early 03-Jul-2018 13:50:57 CDT pre-events
otsdaq/otsdaq-core/ConfigurationInterface/ConfigurationManagerRW.cc [390]	Active Context: testContext(2)
%MSG
%MSG-i ConfigurationManagerRW:  Early 03-Jul-2018 13:50:57 CDT pre-events
otsdaq/otsdaq-core/ConfigurationInterface/ConfigurationManagerRW.cc [392]	Active Backbone: TableEditWizBackbone(3)
%MSG
%MSG-i ConfigurationManagerRW:  Early 03-Jul-2018 13:50:57 CDT pre-events
otsdaq/otsdaq-core/ConfigurationInterface/ConfigurationManagerRW.cc [394]	Active Iterate: (-1)
%MSG
%MSG-i ConfigurationManagerRW:  Early 03-Jul-2018 13:50:57 CDT pre-events
otsdaq/otsdaq-core/ConfigurationInterface/ConfigurationManagerRW.cc [396]	Active Configuration: defaultConfig(2)
%MSG
%MSG-i ConfigurationManagerRW:  Early 03-Jul-2018 13:50:57 CDT pre-events
otsdaq/otsdaq-core/ConfigurationInterface/ConfigurationManagerRW.cc [367]	Updating persistent active groups to /home/otsdaq/otsdaq-mrb-base/srcs/otsdaq_demo/NoGitData/ServiceData/ActiveConfigurationGroups.cfg ...
%MSG
%MSG-i ConfigurationManagerRW:  Early 03-Jul-2018 13:50:57 CDT pre-events
otsdaq/otsdaq-core/ConfigurationInterface/ConfigurationManagerRW.cc [390]	Active Context: testContext(2)
%MSG
%MSG-i ConfigurationManagerRW:  Early 03-Jul-2018 13:50:57 CDT pre-events
otsdaq/otsdaq-core/ConfigurationInterface/ConfigurationManagerRW.cc [392]	Active Backbone: TableEditWizBackbone(4)
%MSG
%MSG-i ConfigurationManagerRW:  Early 03-Jul-2018 13:50:57 CDT pre-events
otsdaq/otsdaq-core/ConfigurationInterface/ConfigurationManagerRW.cc [394]	Active Iterate: (-1)
%MSG
%MSG-i ConfigurationManagerRW:  Early 03-Jul-2018 13:50:57 CDT pre-events
otsdaq/otsdaq-core/ConfigurationInterface/ConfigurationManagerRW.cc [396]	Active Configuration: defaultConfig(2)
%MSG
%MSG-i ConfigurationManagerRW:  Early 03-Jul-2018 13:51:01 CDT pre-events
otsdaq/otsdaq-core/ConfigurationInterface/ConfigurationManagerRW.cc [367]	Updating persistent active groups to /home/otsdaq/otsdaq-mrb-base/srcs/otsdaq_demo/NoGitData/ServiceData/ActiveConfigurationGroups.cfg ...
%MSG
%MSG-i ConfigurationManagerRW:  Early 03-Jul-2018 13:51:01 CDT pre-events
otsdaq/otsdaq-core/ConfigurationInterface/ConfigurationManagerRW.cc [390]	Active Context: testContext(2)
%MSG
%MSG-i ConfigurationManagerRW:  Early 03-Jul-2018 13:51:01 CDT pre-events
otsdaq/otsdaq-core/ConfigurationInterface/ConfigurationManagerRW.cc [392]	Active Backbone: TableEditWizBackbone(4)
%MSG
%MSG-i ConfigurationManagerRW:  Early 03-Jul-2018 13:51:01 CDT pre-events
otsdaq/otsdaq-core/ConfigurationInterface/ConfigurationManagerRW.cc [394]	Active Iterate: (-1)
%MSG
%MSG-i ConfigurationManagerRW:  Early 03-Jul-2018 13:51:01 CDT pre-events
otsdaq/otsdaq-core/ConfigurationInterface/ConfigurationManagerRW.cc [396]	Active Configuration: defaultConfig(2)
%MSG
%MSG-i ConfigurationManagerRW:  Early 03-Jul-2018 13:52:29 CDT pre-events
otsdaq/otsdaq-core/ConfigurationInterface/ConfigurationManagerRW.cc [367]	Updating persistent active groups to /home/otsdaq/otsdaq-mrb-base/srcs/otsdaq_demo/NoGitData/ServiceData/ActiveConfigurationGroups.cfg ...
%MSG
%MSG-i ConfigurationManagerRW:  Early 03-Jul-2018 13:52:29 CDT pre-events
otsdaq/otsdaq-core/ConfigurationInterface/ConfigurationManagerRW.cc [390]	Active Context: testContext(2)
%MSG
%MSG-i ConfigurationManagerRW:  Early 03-Jul-2018 13:52:29 CDT pre-events
otsdaq/otsdaq-core/ConfigurationInterface/ConfigurationManagerRW.cc [392]	Active Backbone: TableEditWizBackbone(4)
%MSG
%MSG-i ConfigurationManagerRW:  Early 03-Jul-2018 13:52:29 CDT pre-events
otsdaq/otsdaq-core/ConfigurationInterface/ConfigurationManagerRW.cc [394]	Active Iterate: (-1)
%MSG
%MSG-i ConfigurationManagerRW:  Early 03-Jul-2018 13:52:29 CDT pre-events
otsdaq/otsdaq-core/ConfigurationInterface/ConfigurationManagerRW.cc [396]	Active Configuration: defaultConfig(3)
%MSG
%MSG-i ConfigurationManagerRW:  Early 03-Jul-2018 13:52:30 CDT pre-events
otsdaq/otsdaq-core/ConfigurationInterface/ConfigurationManagerRW.cc [367]	Updating persistent active groups to /home/otsdaq/otsdaq-mrb-base/srcs/otsdaq_demo/NoGitData/ServiceData/ActiveConfigurationGroups.cfg ...
%MSG
%MSG-i ConfigurationManagerRW:  Early 03-Jul-2018 13:52:30 CDT pre-events
otsdaq/otsdaq-core/ConfigurationInterface/ConfigurationManagerRW.cc [390]	Active Context: testContext(2)
%MSG
%MSG-i ConfigurationManagerRW:  Early 03-Jul-2018 13:52:30 CDT pre-events
otsdaq/otsdaq-core/ConfigurationInterface/ConfigurationManagerRW.cc [392]	Active Backbone: TableEditWizBackbone(5)
%MSG
%MSG-i ConfigurationManagerRW:  Early 03-Jul-2018 13:52:30 CDT pre-events
otsdaq/otsdaq-core/ConfigurationInterface/ConfigurationManagerRW.cc [394]	Active Iterate: (-1)
%MSG
%MSG-i ConfigurationManagerRW:  Early 03-Jul-2018 13:52:30 CDT pre-events
otsdaq/otsdaq-core/ConfigurationInterface/ConfigurationManagerRW.cc [396]	Active Configuration: defaultConfig(3)
%MSG
%MSG-i ConfigurationManagerRW:  Early 03-Jul-2018 13:52:48 CDT pre-events
otsdaq/otsdaq-core/ConfigurationInterface/ConfigurationManagerRW.cc [367]	Updating persistent active groups to /home/otsdaq/otsdaq-mrb-base/srcs/otsdaq_demo/NoGitData/ServiceData/ActiveConfigurationGroups.cfg ...
%MSG
%MSG-i ConfigurationManagerRW:  Early 03-Jul-2018 13:52:48 CDT pre-events
otsdaq/otsdaq-core/ConfigurationInterface/ConfigurationManagerRW.cc [390]	Active Context: testContext(2)
%MSG
%MSG-i ConfigurationManagerRW:  Early 03-Jul-2018 13:52:48 CDT pre-events
otsdaq/otsdaq-core/ConfigurationInterface/ConfigurationManagerRW.cc [392]	Active Backbone: TableEditWizBackbone(5)
%MSG
%MSG-i ConfigurationManagerRW:  Early 03-Jul-2018 13:52:48 CDT pre-events
otsdaq/otsdaq-core/ConfigurationInterface/ConfigurationManagerRW.cc [394]	Active Iterate: (-1)
%MSG
%MSG-i ConfigurationManagerRW:  Early 03-Jul-2018 13:52:48 CDT pre-events
otsdaq/otsdaq-core/ConfigurationInterface/ConfigurationManagerRW.cc [396]	Active Configuration: defaultConfig(3)
%MSG
%MSG-i ConfigurationManagerRW:  Early 03-Jul-2018 13:53:17 CDT pre-events
otsdaq/otsdaq-core/ConfigurationInterface/ConfigurationManagerRW.cc [367]	Updating persistent active groups to /home/otsdaq/otsdaq-mrb-base/srcs/otsdaq_demo/NoGitData/ServiceData/ActiveConfigurationGroups.cfg ...
%MSG
%MSG-i ConfigurationManagerRW:  Early 03-Jul-2018 13:53:17 CDT pre-events
otsdaq/otsdaq-core/ConfigurationInterface/ConfigurationManagerRW.cc [390]	Active Context: testContext(2)
%MSG
%MSG-i ConfigurationManagerRW:  Early 03-Jul-2018 13:53:17 CDT pre-events
otsdaq/otsdaq-core/ConfigurationInterface/ConfigurationManagerRW.cc [392]	Active Backbone: TableEditWizBackbone(5)
%MSG
%MSG-i ConfigurationManagerRW:  Early 03-Jul-2018 13:53:17 CDT pre-events
otsdaq/otsdaq-core/ConfigurationInterface/ConfigurationManagerRW.cc [394]	Active Iterate: (-1)
%MSG
%MSG-i ConfigurationManagerRW:  Early 03-Jul-2018 13:53:17 CDT pre-events
otsdaq/otsdaq-core/ConfigurationInterface/ConfigurationManagerRW.cc [396]	Active Configuration: defaultConfig(4)
%MSG
%MSG-i ConfigurationManagerRW:  Early 03-Jul-2018 13:53:17 CDT pre-events
otsdaq/otsdaq-core/ConfigurationInterface/ConfigurationManagerRW.cc [367]	Updating persistent active groups to /home/otsdaq/otsdaq-mrb-base/srcs/otsdaq_demo/NoGitData/ServiceData/ActiveConfigurationGroups.cfg ...
%MSG
%MSG-i ConfigurationManagerRW:  Early 03-Jul-2018 13:53:17 CDT pre-events
otsdaq/otsdaq-core/ConfigurationInterface/ConfigurationManagerRW.cc [390]	Active Context: testContext(2)
%MSG
%MSG-i ConfigurationManagerRW:  Early 03-Jul-2018 13:53:17 CDT pre-events
otsdaq/otsdaq-core/ConfigurationInterface/ConfigurationManagerRW.cc [392]	Active Backbone: GroupAliasSaveWizBackbone(0)
%MSG
%MSG-i ConfigurationManagerRW:  Early 03-Jul-2018 13:53:17 CDT pre-events
otsdaq/otsdaq-core/ConfigurationInterface/ConfigurationManagerRW.cc [394]	Active Iterate: (-1)
%MSG
%MSG-i ConfigurationManagerRW:  Early 03-Jul-2018 13:53:17 CDT pre-events
otsdaq/otsdaq-core/ConfigurationInterface/ConfigurationManagerRW.cc [396]	Active Configuration: defaultConfig(4)
%MSG
%MSG-i ConfigurationManagerRW:  Early 03-Jul-2018 13:53:17 CDT pre-events
otsdaq/otsdaq-core/ConfigurationInterface/ConfigurationManagerRW.cc [367]	Updating persistent active groups to /home/otsdaq/otsdaq-mrb-base/srcs/otsdaq_demo/NoGitData/ServiceData/ActiveConfigurationGroups.cfg ...
%MSG
%MSG-i ConfigurationManagerRW:  Early 03-Jul-2018 13:53:17 CDT pre-events
otsdaq/otsdaq-core/ConfigurationInterface/ConfigurationManagerRW.cc [390]	Active Context: testContext(2)
%MSG
%MSG-i ConfigurationManagerRW:  Early 03-Jul-2018 13:53:17 CDT pre-events
otsdaq/otsdaq-core/ConfigurationInterface/ConfigurationManagerRW.cc [392]	Active Backbone: GroupAliasSaveWizBackbone(0)
%MSG
%MSG-i ConfigurationManagerRW:  Early 03-Jul-2018 13:53:17 CDT pre-events
otsdaq/otsdaq-core/ConfigurationInterface/ConfigurationManagerRW.cc [394]	Active Iterate: (-1)
%MSG
%MSG-i ConfigurationManagerRW:  Early 03-Jul-2018 13:53:17 CDT pre-events
otsdaq/otsdaq-core/ConfigurationInterface/ConfigurationManagerRW.cc [396]	Active Configuration: defaultConfig(4)
%MSG
%MSG-d Console:  Early 03-Jul-2018 13:55:18 CDT pre-events
Console is alive and waiting... (if no messages, next heartbeat is in approximately two minutes)
%MSG
%MSG-d Console:  Early 03-Jul-2018 13:57:20 CDT pre-events
Console is alive and waiting... (if no messages, next heartbeat is in approximately two minutes)
%MSG
%MSG-d Console:  Early 05-Jul-2018 10:00:54 CDT pre-events
Console is alive and waiting... (if no messages, next heartbeat is in approximately two minutes)
%MSG
%MSG-d Console:  Early 05-Jul-2018 10:02:55 CDT pre-events
Console is alive and waiting... (if no messages, next heartbeat is in approximately two minutes)
%MSG
%MSG-d Console:  Early 05-Jul-2018 10:04:56 CDT pre-events
Console is alive and waiting... (if no messages, next heartbeat is in approximately two minutes)
%MSG
%MSG-w CfgGUI:  Early 05-Jul-2018 10:18:52 CDT pre-events
otsdaq_utilities/otsdaq-utilities/ConfigurationGUI/ConfigurationGUISupervisor.cc [228]	flattenToSystemAliases command received! 
%MSG
%MSG-e ots:  Early 05-Jul-2018 10:19:12 CDT pre-events
otsdaq/otsdaq-core/CoreSupervisors/CoreSupervisorBase.cc [140]	'saveNewConfigurationGroup' ERROR encountered: Failed to create configuration group: defaultConfig.  :ConfigurationManagerRW:otsdaq/otsdaq-core/ConfigurationInterface/ConfigurationManagerRW.cc [860] Group member  &quot;FENIMPlusInterfaceOptionalConfiguration&quot; version &quot;2&quot; not found in configuration!
%MSG
%MSG-d Console:  Early 05-Jul-2018 10:21:12 CDT pre-events
Console is alive and waiting... (if no messages, next heartbeat is in approximately two minutes)
%MSG
%MSG-i ConfigurationManagerRW:  Early 05-Jul-2018 10:21:26 CDT pre-events
otsdaq/otsdaq-core/ConfigurationInterface/ConfigurationManagerRW.cc [367]	Updating persistent active groups to /home/otsdaq/otsdaq-mrb-base/srcs/otsdaq_demo/NoGitData/ServiceData/ActiveConfigurationGroups.cfg ...
%MSG
%MSG-i ConfigurationManagerRW:  Early 05-Jul-2018 10:21:26 CDT pre-events
otsdaq/otsdaq-core/ConfigurationInterface/ConfigurationManagerRW.cc [390]	Active Context: testContext(2)
%MSG
%MSG-i ConfigurationManagerRW:  Early 05-Jul-2018 10:21:26 CDT pre-events
otsdaq/otsdaq-core/ConfigurationInterface/ConfigurationManagerRW.cc [392]	Active Backbone: GroupAliasSaveWizBackbone(3)
%MSG
%MSG-i ConfigurationManagerRW:  Early 05-Jul-2018 10:21:26 CDT pre-events
otsdaq/otsdaq-core/ConfigurationInterface/ConfigurationManagerRW.cc [394]	Active Iterate: (-1)
%MSG
%MSG-i ConfigurationManagerRW:  Early 05-Jul-2018 10:21:26 CDT pre-events
otsdaq/otsdaq-core/ConfigurationInterface/ConfigurationManagerRW.cc [396]	Active Configuration: defaultConfig(2)
%MSG
%MSG-i ConfigurationManagerRW:  Early 05-Jul-2018 10:21:26 CDT pre-events
otsdaq/otsdaq-core/ConfigurationInterface/ConfigurationManagerRW.cc [367]	Updating persistent active groups to /home/otsdaq/otsdaq-mrb-base/srcs/otsdaq_demo/NoGitData/ServiceData/ActiveConfigurationGroups.cfg ...
%MSG
%MSG-i ConfigurationManagerRW:  Early 05-Jul-2018 10:21:26 CDT pre-events
otsdaq/otsdaq-core/ConfigurationInterface/ConfigurationManagerRW.cc [390]	Active Context: testContext(2)
%MSG
%MSG-i ConfigurationManagerRW:  Early 05-Jul-2018 10:21:26 CDT pre-events
otsdaq/otsdaq-core/ConfigurationInterface/ConfigurationManagerRW.cc [392]	Active Backbone: TableEditWizBackbone(0)
%MSG
%MSG-i ConfigurationManagerRW:  Early 05-Jul-2018 10:21:26 CDT pre-events
otsdaq/otsdaq-core/ConfigurationInterface/ConfigurationManagerRW.cc [394]	Active Iterate: (-1)
%MSG
%MSG-i ConfigurationManagerRW:  Early 05-Jul-2018 10:21:26 CDT pre-events
otsdaq/otsdaq-core/ConfigurationInterface/ConfigurationManagerRW.cc [396]	Active Configuration: defaultConfig(2)
%MSG
%MSG-w CfgGUI:  Early 05-Jul-2018 10:22:01 CDT pre-events
otsdaq_utilities/otsdaq-utilities/ConfigurationGUI/ConfigurationGUISupervisor.cc [228]	flattenToSystemAliases command received! 
%MSG
%MSG-e ots:  Early 05-Jul-2018 10:22:50 CDT pre-events
otsdaq/otsdaq-core/CoreSupervisors/CoreSupervisorBase.cc [140]	'getSpecificConfigurationGroup' ERROR encountered: :CfgGUI-ConfigurationGUISupervisor:otsdaq_utilities/otsdaq-utilities/ConfigurationGUI/ConfigurationGUISupervisor.cc [3792] Configuration group &quot;defaultConfig(2)&quot; members can not be loaded!  :ots:otsdaq/otsdaq-core/ConfigurationInterface/DatabaseConfigurationInterface.cc [285] DBI Exception:---- ConfigurationInterface::loadGlobalConfiguration BEGIN   Exception:---- ConfigurationInterface::loadGlobalConfiguration BEGIN     Process exitedNoneError: Dynamic exception type: artdaq::database::runtime_error     std::exception::what: ---- operation_confcomposition BEGIN       No search filters were found.     ---- operation_confcomposition END        ---- ConfigurationInterface::loadGlobalConfiguration END ---- ConfigurationInterface::loadGlobalConfiguration END
%MSG
%MSG-e ots:  Early 05-Jul-2018 10:22:59 CDT pre-events
otsdaq/otsdaq-core/CoreSupervisors/CoreSupervisorBase.cc [140]	'getSpecificConfigurationGroup' ERROR encountered: :CfgGUI-ConfigurationGUISupervisor:otsdaq_utilities/otsdaq-utilities/ConfigurationGUI/ConfigurationGUISupervisor.cc [3792] Configuration group &quot;defaultConfig(2)&quot; members can not be loaded!  :ots:otsdaq/otsdaq-core/ConfigurationInterface/DatabaseConfigurationInterface.cc [285] DBI Exception:---- ConfigurationInterface::loadGlobalConfiguration BEGIN   Exception:---- ConfigurationInterface::loadGlobalConfiguration BEGIN     Process exitedNoneError: Dynamic exception type: artdaq::database::runtime_error     std::exception::what: ---- operation_confcomposition BEGIN       No search filters were found.     ---- operation_confcomposition END        ---- ConfigurationInterface::loadGlobalConfiguration END ---- ConfigurationInterface::loadGlobalConfiguration END
%MSG
%MSG-e ots:  Early 05-Jul-2018 10:23:10 CDT pre-events
otsdaq/otsdaq-core/CoreSupervisors/CoreSupervisorBase.cc [140]	'saveNewConfigurationGroup' ERROR encountered: Failed to create configuration group: defaultConfig.  :ConfigurationManagerRW:otsdaq/otsdaq-core/ConfigurationInterface/ConfigurationManagerRW.cc [860] Group member  &quot;FEInterfaceConfiguration&quot; version &quot;2&quot; not found in configuration!
%MSG
