ISim log file
Running: .\\ethernetFIFO_tb.exe -gui -tclbatch .\\wave_isim.tcl 
ISim P.20131013 (signature 0x7708f090)
This is a Full version of ISim.
Time resolution is 1 ps
# wcfg new
# isim set radix hex
# wave add /ethernetFIFO_tb/ethernetFIFO_synth_inst/ethernetFIFO_inst/RST
# wave add /ethernetFIFO_tb/ethernetFIFO_synth_inst/ethernetFIFO_inst/WR_CLK
# wave add /ethernetFIFO_tb/ethernetFIFO_synth_inst/ethernetFIFO_inst/WR_EN
# wave add /ethernetFIFO_tb/ethernetFIFO_synth_inst/ethernetFIFO_inst/FULL
# wave add /ethernetFIFO_tb/ethernetFIFO_synth_inst/ethernetFIFO_inst/RD_CLK
# wave add /ethernetFIFO_tb/ethernetFIFO_synth_inst/ethernetFIFO_inst/RD_EN
# wave add /ethernetFIFO_tb/ethernetFIFO_synth_inst/ethernetFIFO_inst/EMPTY
# run all
Simulator is doing circuit initialization process.
at 0 ps, Instance /ethernetfifo_tb/ : Warning: There is an 'U'|'X'|'W'|'Z'|'-' in an arithmetic operand, the result will be 'X'(es).
STATUS:
00
at 0 ps: Note: WARNING: Behavioral models for independent clock FIFO configurations do not model synchronization delays. The behavioral models are functionally correct, and will represent the behavior of the configured FIFO. See the FIFO Generator User Guide for more information. (/ethernetfifo_tb/ethernetFIFO_synth_inst/ethernetFIFO_inst/exdes_inst/U0/gconvfifo/inst_conv_fifo/).
Finished circuit initialization process.
at 665700 ns(2): Note: Reset applied..Memory Collision checks are not valid (/ethernetfifo_tb/ethernetFIFO_synth_inst/).
at 717800 ns(2): Note: Reset removed..Memory Collision checks are valid (/ethernetfifo_tb/ethernetFIFO_synth_inst/).
at 1355700 ns(3): Note: Simulation Complete for:Native (/ethernetfifo_tb/ethernetFIFO_synth_inst/fg_pc_nv/).

** Failure:Test Completed Successfully
User(VHDL) Code Called Simulation Stop
In process ethernetFIFO_tb.vhd:170 
 
INFO: Simulator is stopped.
# quit
ISim P.20131013 (signature 0x7708f090)
This is a Full version of ISim.
ISim P.20131013 (signature 0x7708f090)
This is a Full version of ISim.
ISim P.20131013 (signature 0x7708f090)
This is a Full version of ISim.
